<?xml version="1.0" encoding="UTF-8"?>
<!-- Generated by org.testng.reporters.JUnitReportReporter -->
<testsuite hostname="DESKTOP-O5J900H" failures="0" tests="1" name="seleniumBasics.LaunchOfTheApplication" time="0.011" errors="0" timestamp="2023-11-03T20:18:40 IST" skipped="0">
  <testcase classname="seleniumBasics.LaunchOfTheApplication" name="sampleTestCase" time="0.011"/>
</testsuite> <!-- seleniumBasics.LaunchOfTheApplication -->
